Checking internet connection...
Online

FHIR IG Publisher Version 1.1.1 (Git# d3432fbc0971). Built 2020-07-04T00:36:51.739Z (37 hours old)
File log: /var/folders/_v/bs1w5_bn3y948cccr4gwmx8w0000gn/T/fhir-ig-publisher-tmp.log
Detected Java version: 14.0.1 from /Library/Java/JavaVirtualMachines/jdk-14.0.1.jdk/Contents/Home on x86_64 (64bit). 10240MB available
Parameters: -ig ig.ini

dir = /Users/ahenket/Development/GitHub/Nictiz/Nictiz-FHIR-IG, path = /Users/ahenket/.gem/ruby/2.6.0/bin:/Library/Frameworks/Python.framework/Versions/3.6/bin:/Library/Frameworks/Python.framework/Versions/3.6/bin:/usr/local/bin:/usr/bin:/bin:/usr/sbin:/sbin:/usr/local/share/dotnet:/Library/Apple/usr/bin:/Library/Frameworks/Mono.framework/Versions/Current/Commands:/Users/ahenket/Development/lib/apache-ant-1.9.2/bin:/Users/ahenket/Development/lib/apache-ant-1.9.2/bin

Run time = zondag 5 juli 2020 om 16:03:38 Midden-Europese zomertijd (2020-07-05T16:03:38+02:00)
Package Cache: /Users/ahenket/.fhir/packages                                     (00:00.0043)
Load Template from fhir.base.template                                            (00:01.0251)

onLoad.findSpreadsheets:

onLoad.updateIg:
     [xslt] Processing /Users/ahenket/Development/GitHub/Nictiz/Nictiz-FHIR-IG/template/onLoad-ig-working.xml to /Users/ahenket/Development/GitHub/Nictiz/Nictiz-FHIR-IG/template/onLoad-ig-updated.xml
     [xslt] Loading stylesheet /Users/ahenket/Development/GitHub/Nictiz/Nictiz-FHIR-IG/template/scripts/onLoad.xslt

onLoad.extend:

onLoad:
Root directory: /Users/ahenket/Development/GitHub/Nictiz/Nictiz-FHIR-IG          (00:07.0916)
Core Package hl7.fhir.r3.core#3.0.2
Terminology Cache is at /Users/ahenket/Development/GitHub/Nictiz/Nictiz-FHIR-IG/input-cache/txcache. 9 files in cache (00:13.0724)
Connect to Terminology Server at http://tx.fhir.org                              (00:13.0774)
Load Package hl7.fhir.pubpack#0.0.6
Load Package hl7.fhir.xver-extensions#0.0.4
Initialization complete                                                          (00:15.0324)
Load Content                                                                     (00:15.0325)
Processing Conformance Resources                                                 (00:22.0372)
Terminology server: Check for supported code systems for urn:iso:std:iso:3166    (00:31.0360)
?Attempting to localize message sdf-16: All element definitions must have unique ids (snapshot) ( (ids: ContactPoint,ContactPoint.id,ContactPoint.extension,ContactPoint.system,ContactPoint.system.id,ContactPoint.system.extension,ContactPoint.system.extension:EmailAddressTypeCodelist,ContactPoint.system.extension:EmailAddressTypeCodelist.id,ContactPoint.system.extension:EmailAddressTypeCodelist.extension,ContactPoint.system.extension:EmailAddressTypeCodelist.url,ContactPoint.system.extension:EmailAddressTypeCodelist.value[x],ContactPoint.system.extension:EmailAddressTypeCodelist.value[x]:valueCodeableConcept,ContactPoint.system.extension:TelecomTypeCodelist,ContactPoint.system.extension:TelecomTypeCodelist.id,ContactPoint.system.extension:TelecomTypeCodelist.extension,ContactPoint.system.extension:TelecomTypeCodelist.url,ContactPoint.system.extension:TelecomTypeCodelist.value[x],ContactPoint.system.extension:TelecomTypeCodelist.value[x]:valueCodeableConcept,ContactPoint.system.value,ContactPoint.value,ContactPoint.use,ContactPoint.use.id,ContactPoint.use.extension,ContactPoint.use.extension:EmailAddressTypeCodelist,ContactPoint.use.extension:EmailAddressTypeCodelist.id,ContactPoint.use.extension:EmailAddressTypeCodelist.extension,ContactPoint.use.extension:EmailAddressTypeCodelist.url,ContactPoint.use.extension:EmailAddressTypeCodelist.value[x],ContactPoint.use.extension:EmailAddressTypeCodelist.value[x]:valueCodeableConcept,ContactPoint.use.extension:EmailAddressTypeCodelist.value[x]:valueCodeableConcept,ContactPoint.use.extension:NumberTypeCodelist,ContactPoint.use.extension:NumberTypeCodelist.id,ContactPoint.use.extension:NumberTypeCodelist.extension,ContactPoint.use.extension:NumberTypeCodelist.url,ContactPoint.use.extension:NumberTypeCodelist.value[x],ContactPoint.use.extension:NumberTypeCodelist.value[x]:valueCodeableConcept,ContactPoint.use.value,ContactPoint.rank,ContactPoint.period)) [snapshot.element.id.trace('ids').isDistinct()], but no such equivalent message exists for the local en_US
Attempting to localize message sdf-17: All element definitions must have unique ids (diff) ( (ids: ContactPoint,ContactPoint.system,ContactPoint.system.extension,ContactPoint.system.extension:EmailAddressTypeCodelist,ContactPoint.system.extension:EmailAddressTypeCodelist.valueCodeableConcept:valueCodeableConcept,ContactPoint.system.extension:TelecomTypeCodelist,ContactPoint.system.extension:TelecomTypeCodelist.valueCodeableConcept:valueCodeableConcept,ContactPoint.value,ContactPoint.use,ContactPoint.use.extension,ContactPoint.use.extension:EmailAddressTypeCodelist,ContactPoint.use.extension:EmailAddressTypeCodelist.valueCodeableConcept:valueCodeableConcept,ContactPoint.use.extension:EmailAddressTypeCodelist.valueCodeableConcept:valueCodeableConcept,ContactPoint.use.extension:NumberTypeCodelist,ContactPoint.use.extension:NumberTypeCodelist.valueCodeableConcept:valueCodeableConcept)) [differential.element.id.trace('ids').isDistinct()], but no such equivalent message exists for the local en_US
Attempting to localize message eld-13: Types must be unique by the combination of code and profile [type.select(code & profile & targetProfile).isDistinct()], but no such equivalent message exists for the local en_US
???????Attempting to localize message sdf-8: In any snapshot, all the elements must be in the specified type [((%resource.kind = 'logical') or (element.first().path = %resource.type)) and element.tail().all(path.startsWith(%resource.snapshot.element.first().path & '.'))], but no such equivalent message exists for the local en_US
?????????????????????????????????????????????????????????????????????????????????????????????????????????????????????????????????????????????????????????????????Attempting to localize message eld-2: Min <= Max [min.empty() or max.empty() or (max = '*') or (min <= max.toInteger())], but no such equivalent message exists for the local en_US
???????????????????????????????????????????????????????????????Generating Narratives                                                            (01:17.0480)
Validating Resources                                                             (01:17.0485)
Attempting to localize message The display "Hulp nodig" is not a valid display for the code {http://snomed.info/sct}129033007 - should be one of ["Feeding assisted","Feeding assisted (finding)"], but no such equivalent message exists for the local en_US
Attempting to localize message The display "Snijden/openen" is not a valid display for the code {http://snomed.info/sct}289078003 - should be one of ["Difficulty cutting up food","Difficulty cutting up food (finding)"], but no such equivalent message exists for the local en_US
Attempting to localize message The display "Eetgerij hanteren" is not a valid display for the code {http://snomed.info/sct}289046006 - should be one of ["Difficulty using cutlery to feed self","Difficulty using cutlery to feed self (finding)"], but no such equivalent message exists for the local en_US
Attempting to localize message The display "Normaal ademhalingsritme" is not a valid display for the code {http://snomed.info/sct}5467003 - should be one of ["Normal respiratory rhythm","Normal respiratory rhythm (finding)"], but no such equivalent message exists for the local en_US
Attempting to localize message The display "Normale ademhalingsdiepte" is not a valid display for the code {http://snomed.info/sct}301284009 - should be one of ["Normal depth of breathing","Normal depth of breathing (finding)"], but no such equivalent message exists for the local en_US
Attempting to localize message The display "Gehoorapparaat" is not a valid display for the code {http://snomed.info/sct}6012004 - should be one of ["Hearing aid","Hearing aid, device (physical object)","HA - Hearing aid","Hearing aid, device","Aid to hearing","Auditory aid"], but no such equivalent message exists for the local en_US
Attempting to localize message The display "Incontinent" is not a valid display for the code {http://snomed.info/sct}165232002 - should be one of ["Bladder: incontinent","Urinary incontinence (finding)","Urinary incontinence","Unable to prevent bladder emptying","Urine incontinence","Leaking of urine","Incontinence of urine","Unable to control bladder","Unable to hold urine","Lack of bladder control","Involuntary urination","Unable to hold fluids","UI - Urinary incontinence","Absence of bladder continence","Bladder incontinence","Loss of bladder control","Weak bladder"], but no such equivalent message exists for the local en_US
Attempting to localize message The display "Unable to manage stairsnce" is not a valid display for the code {http://snomed.info/sct}301589003 - should be one of ["Unable to manage stairs","Unable to manage stairs (finding)"], but no such equivalent message exists for the local en_US
Attempting to localize message The display "Dutch (Netherlands)" is not a valid display for the code {urn:ietf:bcp:47}nl-NL - should be one of ["Dutch (Region=Netherlands)"], but no such equivalent message exists for the local en_US
Attempting to localize message The display "Wonddrain" is not a valid display for the code {http://snomed.info/sct}258646005 - should be one of ["Wound drain","Wound drain (physical object)"], but no such equivalent message exists for the local en_US
Attempting to localize message The display "Flink huilen en goed doorademen" is not a valid display for the code {http://loinc.org}LA6727-7 - should be one of ["Good, strong cry; normal rate and effort of breathing"], but no such equivalent message exists for the local en_US
Attempting to localize message The display "Roze lijfje, maar blauwachtige armen en benen" is not a valid display for the code {http://loinc.org}LA6723-6 - should be one of ["Good color in body with bluish hands or feet"], but no such equivalent message exists for the local en_US
Attempting to localize message The display "Een hartslag van minder dan 100 slagen per minuut" is not a valid display for the code {http://loinc.org}LA6717-8 - should be one of ["Fewer than 100 beats per minute"], but no such equivalent message exists for the local en_US
Attempting to localize message The display "Reageert door te huilen, te hoesten of te niezen" is not a valid display for the code {http://loinc.org}LA6721-0 - should be one of ["Grimace and pulling away, cough, or sneeze during suctioning"], but no such equivalent message exists for the local en_US
Attempting to localize message The display "Beweegt armpjes en beentjes goed" is not a valid display for the code {http://loinc.org}LA6715-2 - should be one of ["Active motion"], but no such equivalent message exists for the local en_US
Attempting to localize message The display "Verminderde gehoorfunctie" is not a valid display for the code {http://snomed.info/sct}15188001 - should be one of ["Hearing loss","Impaired hearing","HOH - Hard of hearing","Hard of hearing","Hearing impairment","Difficulty hearing",Hypoacusis,"HL - Hearing loss","HI - Hearing impairment","Hearing impaired","Hearing loss (disorder)"], but no such equivalent message exists for the local en_US
Attempting to localize message The display "Doorligplek" is not a valid display for the code {http://snomed.info/sct}399912005 - should be one of ["Pressure sore","Contact ulcer","Pressure ulcer","Pressure ulcer (disorder)"], but no such equivalent message exists for the local en_US
Attempting to localize message The display "Decubitus categorie 2" is not a valid display for the code {http://snomed.info/sct}420324007 - should be one of ["Pressure ulcer stage 2 (disorder)","Pressure ulcer stage 2"], but no such equivalent message exists for the local en_US
Attempting to localize message The display "end colostomy stoma" is not a valid display for the code {http://snomed.info/sct}261030007 - should be one of ["End colostomy - stoma","Terminal colostomy","End colostomy - stoma (morphologic abnormality)"], but no such equivalent message exists for the local en_US
Attempting to localize message The display "Leesbril" is not a valid display for the code {http://snomed.info/sct}423013001 - should be one of ["Single vision reading glasses (physical object)","Single vision reading glasses"], but no such equivalent message exists for the local en_US
Attempting to localize message The display "Flesvoeding" is not a valid display for the code {http://snomed.info/sct}268472006 - should be one of ["Bottle fed","Infant bottle fed","Infant bottle fed (finding)"], but no such equivalent message exists for the local en_US
Attempting to localize message The display "Flesvoeding" is not a valid display for the code {http://snomed.info/sct}268472006 - should be one of ["Bottle fed","Infant bottle fed","Infant bottle fed (finding)"], but no such equivalent message exists for the local en_US
Attempting to localize message The display "Flesvoeding" is not a valid display for the code {http://snomed.info/sct}268472006 - should be one of ["Bottle fed","Infant bottle fed","Infant bottle fed (finding)"], but no such equivalent message exists for the local en_US
Attempting to localize message The display "Kunstvoeding" is not a valid display for the code {http://snomed.info/sct}226790003 - should be one of ["EBM - Expressed breast milk","BM - Expressed breast milk","Expressed human milk","Expressed breast milk","Expressed breast milk (substance)"], but no such equivalent message exists for the local en_US
Attempting to localize message The display "Confimed present" is not a valid display for the code {http://snomed.info/sct}410605003 - should be one of ["Confirmed present (qualifier value)","Confirmed present"], but no such equivalent message exists for the local en_US
Attempting to localize message The display "Syndroom van Korsakov" is not a valid display for the code {http://snomed.info/sct}69482004 - should be one of ["Korsakoff's psychosis","Wernicke-Korsakoff syndrome","Amnestic syndrome of Wernicke's disease","Wernicke-Korsakov syndrome","Korsakoff psychosis","Korsakov alcoholic psychosis","Korsakov syndrome - alcoholic","Korsakov psychosis","Amnesic syndrome due to alcohol","Alcoholic amnestic syndrome","Korsakoff's psychosis (disorder)"], but no such equivalent message exists for the local en_US
Attempting to localize message The display "Gebitsprothese" is not a valid display for the code {http://snomed.info/sct}27606000 - should be one of ["Dental prosthesis","Dental prosthesis, device (physical object)","Dental prosthesis, device"], but no such equivalent message exists for the local en_US
Attempting to localize message The display "Confimed present" is not a valid display for the code {http://snomed.info/sct}410605003 - should be one of ["Confirmed present (qualifier value)","Confirmed present"], but no such equivalent message exists for the local en_US
Attempting to localize message The display "Open fractuur van femur (aandoening)" is not a valid display for the code {http://snomed.info/sct}28576007 - should be one of ["Open fracture of femur","Open fracture of thigh","Open fracture of upper leg","Open fracture of femur (disorder)"], but no such equivalent message exists for the local en_US
Attempting to localize message The display "Chirurgische wond" is not a valid display for the code {http://snomed.info/sct}112633009 - should be one of ["Surgical wound","Operative wound","Surgical wound (morphologic abnormality)"], but no such equivalent message exists for the local en_US
Attempting to localize message The display "Hulp nodig" is not a valid display for the code {http://snomed.info/sct}129039006 - should be one of ["Needs help with dressing","Needs help with dressing (finding)"], but no such equivalent message exists for the local en_US
Attempting to localize message The display "Bovenlichaam" is not a valid display for the code {http://snomed.info/sct}362874006 - should be one of ["Entire upper body","Entire upper body (body structure)"], but no such equivalent message exists for the local en_US
Attempting to localize message The display "Confimed present" is not a valid display for the code {http://snomed.info/sct}410605003 - should be one of ["Confirmed present (qualifier value)","Confirmed present"], but no such equivalent message exists for the local en_US
Attempting to localize message The display "Confimed present" is not a valid display for the code {http://snomed.info/sct}410605003 - should be one of ["Confirmed present (qualifier value)","Confirmed present"], but no such equivalent message exists for the local en_US
Attempting to localize message The display "irritatief contacteczeem door incontinentie" is not a valid display for the code {http://snomed.info/sct}402276007 - should be one of ["Irritant contact dermatitis due to incontinence (disorder)","Irritant contact dermatitis due to incontinence","Incontinence associated dermatitis"], but no such equivalent message exists for the local en_US
Attempting to localize message The display "Derdegraads brandwond van knie" is not a valid display for the code {http://snomed.info/sct}30264000 - should be one of ["Third degree burn of knee","Full thickness burn of knee","Full thickness burn of knee (disorder)"], but no such equivalent message exists for the local en_US
Attempting to localize message The display "Niet Actueel" is not a valid display for the code {http://snomed.info/sct}73425007 - should be one of [Inactive,"Inactive (qualifier value)"], but no such equivalent message exists for the local en_US
Attempting to localize message The display "Confimed present" is not a valid display for the code {http://snomed.info/sct}410605003 - should be one of ["Confirmed present (qualifier value)","Confirmed present"], but no such equivalent message exists for the local en_US
Attempting to localize message The display "uroStoma" is not a valid display for the code {http://snomed.info/sct}281601009 - should be one of ["Urological stoma","Urostomy - stoma","Urological stoma (morphologic abnormality)"], but no such equivalent message exists for the local en_US
Attempting to localize message The display "incontinentie" is not a valid display for the code {http://snomed.info/sct}48340000 - should be one of [Incontinence,"Incontinence (finding)"], but no such equivalent message exists for the local en_US
Attempting to localize message The display "Linkeroor" is not a valid display for the code {http://snomed.info/sct}89644007 - should be one of ["Left ear","Left ear structure","Left ear structure (body structure)"], but no such equivalent message exists for the local en_US
Attempting to localize message The display "Thermische brandwond" is not a valid display for the code {http://snomed.info/sct}105594005 - should be one of ["Thermal burn","Thermal burn (morphologic abnormality)","Burn injury due to excessive heat"], but no such equivalent message exists for the local en_US
Attempting to localize message The display "Thermische brandwond" is not a valid display for the code {http://snomed.info/sct}105594005 - should be one of ["Thermal burn","Thermal burn (morphologic abnormality)","Burn injury due to excessive heat"], but no such equivalent message exists for the local en_US
Attempting to localize message The display "Thermische brandwond" is not a valid display for the code {http://snomed.info/sct}105594005 - should be one of ["Thermal burn","Thermal burn (morphologic abnormality)","Burn injury due to excessive heat"], but no such equivalent message exists for the local en_US
Attempting to localize message The display "Thermische brandwond" is not a valid display for the code {http://snomed.info/sct}105594005 - should be one of ["Thermal burn","Thermal burn (morphologic abnormality)","Burn injury due to excessive heat"], but no such equivalent message exists for the local en_US
Attempting to localize message The display "3e graad" is not a valid display for the code {http://snomed.info/sct}262588000 - should be one of ["Deep dermal burn","DPSL - Deep partial skin loss burn","Deep partial thickness burn","Deep partial thickness burn (morphologic abnormality)","Deep second degree burn"], but no such equivalent message exists for the local en_US
Attempting to localize message The display "Diagnosis" is not a valid display for the code {http://snomed.info/sct}282291009 - should be one of ["Diagnosis interpretation","Diagnosis interpretation (observable entity)"], but no such equivalent message exists for the local en_US
Attempting to localize message The display "Diagnosis" is not a valid display for the code {http://snomed.info/sct}282291009 - should be one of ["Diagnosis interpretation","Diagnosis interpretation (observable entity)"], but no such equivalent message exists for the local en_US
Attempting to localize message The display "Diagnosis" is not a valid display for the code {http://snomed.info/sct}282291009 - should be one of ["Diagnosis interpretation","Diagnosis interpretation (observable entity)"], but no such equivalent message exists for the local en_US
Attempting to localize message The display "Diagnosis" is not a valid display for the code {http://snomed.info/sct}282291009 - should be one of ["Diagnosis interpretation","Diagnosis interpretation (observable entity)"], but no such equivalent message exists for the local en_US
Attempting to localize message The display "Diagnosis" is not a valid display for the code {http://snomed.info/sct}282291009 - should be one of ["Diagnosis interpretation","Diagnosis interpretation (observable entity)"], but no such equivalent message exists for the local en_US
Attempting to localize message The display "Diagnosis" is not a valid display for the code {http://snomed.info/sct}282291009 - should be one of ["Diagnosis interpretation","Diagnosis interpretation (observable entity)"], but no such equivalent message exists for the local en_US
Attempting to localize message Display Name for http://hl7.org/fhir/v3/ParticipationType#AUT should be one of 'author (originator)' instead of 'author', but no such equivalent message exists for the local en_US
Attempting to localize message The display "Diagnosis" is not a valid display for the code {http://snomed.info/sct}282291009 - should be one of ["Diagnosis interpretation","Diagnosis interpretation (observable entity)"], but no such equivalent message exists for the local en_US
Attempting to localize message Display Name for http://hl7.org/fhir/v3/ParticipationType#AUT should be one of 'author (originator)' instead of 'author', but no such equivalent message exists for the local en_US
Attempting to localize message Display Name for http://hl7.org/fhir/v3/ParticipationType#AUT should be one of 'author (originator)' instead of 'author', but no such equivalent message exists for the local en_US
Attempting to localize message The display "Diagnosis" is not a valid display for the code {http://snomed.info/sct}282291009 - should be one of ["Diagnosis interpretation","Diagnosis interpretation (observable entity)"], but no such equivalent message exists for the local en_US
Attempting to localize message Display Name for http://hl7.org/fhir/v3/ParticipationType#AUT should be one of 'author (originator)' instead of 'author', but no such equivalent message exists for the local en_US
Attempting to localize message Display Name for http://hl7.org/fhir/v3/ParticipationType#AUT should be one of 'author (originator)' instead of 'author', but no such equivalent message exists for the local en_US
Attempting to localize message The display "Diagnosis" is not a valid display for the code {http://snomed.info/sct}282291009 - should be one of ["Diagnosis interpretation","Diagnosis interpretation (observable entity)"], but no such equivalent message exists for the local en_US
Attempting to localize message Display Name for http://hl7.org/fhir/v3/ParticipationType#AUT should be one of 'author (originator)' instead of 'author', but no such equivalent message exists for the local en_US
Attempting to localize message Display Name for http://hl7.org/fhir/v3/ParticipationType#AUT should be one of 'author (originator)' instead of 'author', but no such equivalent message exists for the local en_US
Attempting to localize message The display "Diagnosis" is not a valid display for the code {http://snomed.info/sct}282291009 - should be one of ["Diagnosis interpretation","Diagnosis interpretation (observable entity)"], but no such equivalent message exists for the local en_US
Attempting to localize message Display Name for http://hl7.org/fhir/v3/ParticipationType#AUT should be one of 'author (originator)' instead of 'author', but no such equivalent message exists for the local en_US
Attempting to localize message Display Name for http://hl7.org/fhir/v3/ParticipationType#AUT should be one of 'author (originator)' instead of 'author', but no such equivalent message exists for the local en_US
Attempting to localize message The display "Diagnosis" is not a valid display for the code {http://snomed.info/sct}282291009 - should be one of ["Diagnosis interpretation","Diagnosis interpretation (observable entity)"], but no such equivalent message exists for the local en_US
Attempting to localize message Display Name for http://hl7.org/fhir/v3/ParticipationType#AUT should be one of 'author (originator)' instead of 'author', but no such equivalent message exists for the local en_US
Attempting to localize message Display Name for http://hl7.org/fhir/v3/ParticipationType#AUT should be one of 'author (originator)' instead of 'author', but no such equivalent message exists for the local en_US
Attempting to localize message Display Name for http://hl7.org/fhir/v3/ParticipationType#AUT should be one of 'author (originator)' instead of 'author', but no such equivalent message exists for the local en_US
Attempting to localize message Display Name for http://hl7.org/fhir/v3/ParticipationType#AUT should be one of 'author (originator)' instead of 'author', but no such equivalent message exists for the local en_US
Attempting to localize message The display "Diagnosis" is not a valid display for the code {http://snomed.info/sct}282291009 - should be one of ["Diagnosis interpretation","Diagnosis interpretation (observable entity)"], but no such equivalent message exists for the local en_US
Attempting to localize message Display Name for http://hl7.org/fhir/v3/ParticipationType#AUT should be one of 'author (originator)' instead of 'author', but no such equivalent message exists for the local en_US
Attempting to localize message Display Name for http://hl7.org/fhir/v3/ParticipationType#AUT should be one of 'author (originator)' instead of 'author', but no such equivalent message exists for the local en_US
Attempting to localize message The display "Diagnosis" is not a valid display for the code {http://snomed.info/sct}282291009 - should be one of ["Diagnosis interpretation","Diagnosis interpretation (observable entity)"], but no such equivalent message exists for the local en_US
Attempting to localize message Display Name for http://hl7.org/fhir/v3/ParticipationType#AUT should be one of 'author (originator)' instead of 'author', but no such equivalent message exists for the local en_US
Attempting to localize message Display Name for http://hl7.org/fhir/v3/ParticipationType#AUT should be one of 'author (originator)' instead of 'author', but no such equivalent message exists for the local en_US
Attempting to localize message The display "Diagnosis" is not a valid display for the code {http://snomed.info/sct}282291009 - should be one of ["Diagnosis interpretation","Diagnosis interpretation (observable entity)"], but no such equivalent message exists for the local en_US
Attempting to localize message Display Name for http://hl7.org/fhir/v3/ParticipationType#AUT should be one of 'author (originator)' instead of 'author', but no such equivalent message exists for the local en_US
Attempting to localize message Display Name for http://hl7.org/fhir/v3/ParticipationType#AUT should be one of 'author (originator)' instead of 'author', but no such equivalent message exists for the local en_US
Attempting to localize message The display "Diagnosis" is not a valid display for the code {http://snomed.info/sct}282291009 - should be one of ["Diagnosis interpretation","Diagnosis interpretation (observable entity)"], but no such equivalent message exists for the local en_US
Attempting to localize message Display Name for http://hl7.org/fhir/v3/ParticipationType#AUT should be one of 'author (originator)' instead of 'author', but no such equivalent message exists for the local en_US
Attempting to localize message Display Name for http://hl7.org/fhir/v3/ParticipationType#AUT should be one of 'author (originator)' instead of 'author', but no such equivalent message exists for the local en_US
Attempting to localize message The display "Diagnosis" is not a valid display for the code {http://snomed.info/sct}282291009 - should be one of ["Diagnosis interpretation","Diagnosis interpretation (observable entity)"], but no such equivalent message exists for the local en_US
Attempting to localize message Display Name for http://hl7.org/fhir/v3/ParticipationType#AUT should be one of 'author (originator)' instead of 'author', but no such equivalent message exists for the local en_US
Attempting to localize message Display Name for http://hl7.org/fhir/v3/ParticipationType#AUT should be one of 'author (originator)' instead of 'author', but no such equivalent message exists for the local en_US
Attempting to localize message The display "Diagnosis" is not a valid display for the code {http://snomed.info/sct}282291009 - should be one of ["Diagnosis interpretation","Diagnosis interpretation (observable entity)"], but no such equivalent message exists for the local en_US
Attempting to localize message Display Name for http://hl7.org/fhir/v3/ParticipationType#AUT should be one of 'author (originator)' instead of 'author', but no such equivalent message exists for the local en_US
Attempting to localize message Display Name for http://hl7.org/fhir/v3/ParticipationType#AUT should be one of 'author (originator)' instead of 'author', but no such equivalent message exists for the local en_US
Attempting to localize message The display "Diagnosis" is not a valid display for the code {http://snomed.info/sct}282291009 - should be one of ["Diagnosis interpretation","Diagnosis interpretation (observable entity)"], but no such equivalent message exists for the local en_US
Attempting to localize message Display Name for http://hl7.org/fhir/v3/ParticipationType#AUT should be one of 'author (originator)' instead of 'author', but no such equivalent message exists for the local en_US
Attempting to localize message The display "Vastpakken" is not a valid display for the code {http://snomed.info/sct}307071002 - should be one of ["Difficulty holding drinks","Difficulty holding drinks (finding)"], but no such equivalent message exists for the local en_US
Attempting to localize message The display "Naar mond brengen" is not a valid display for the code {http://snomed.info/sct}288876009 - should be one of ["Difficulty taking drink to mouth","Difficulty taking drink to mouth (finding)"], but no such equivalent message exists for the local en_US
Attempting to localize message The display "Neusbril" is not a valid display for the code {http://snomed.info/sct}336623009 - should be one of ["Oxygen nasal cannula","Oxygen nasal cannula (physical object)"], but no such equivalent message exists for the local en_US
Attempting to localize message The display "Zevendedagsadventist" is not a valid display for the code {http://snomed.info/sct}428821008 - should be one of ["Seventh Day Adventist, follower of religion (person)","Seventh Day Adventist","Seventh Day Adventist, follower of religion"], but no such equivalent message exists for the local en_US
Attempting to localize message The display "Af en toe een ongelukje" is not a valid display for the code {http://snomed.info/sct}165230005 - should be one of ["Bowels: occasional accident","Bowels: occasional accident (finding)"], but no such equivalent message exists for the local en_US
Attempting to localize message The display "Observatie betreffende zwangerschap (waarneembare entiteit)" is not a valid display for the code {http://snomed.info/sct}364320009 - should be one of ["Pregnancy observable","Pregnancy observable (observable entity)"], but no such equivalent message exists for the local en_US
Attempting to localize message The display "Verminderd gezichtsvermogen" is not a valid display for the code {http://snomed.info/sct}397540003 - should be one of ["Visual impairment (disorder)","Visual impairment","Visual difficulty","Impaired vision"], but no such equivalent message exists for the local en_US
Attempting to localize message The display "Amphetamine (substance)" is not a valid display for the code {http://snomed.info/sct}703842006 - should be one of [Amphetamine,1-phenylpropan-2-amine,dl-alpha-methylphenethylamine,Amfetamine,"Amfetamine (substance)","Chemical racemic free base or equal parts of enantiomers levoamphetamine and dextroamphetamine in their pure amine or salt forms."], but no such equivalent message exists for the local en_US
Attempting to localize message The display "Ondermijning" is not a valid display for the code {http://snomed.info/sct}449752001 - should be one of ["Wound tissue undermining (finding)","Wound tissue undermining"], but no such equivalent message exists for the local en_US
Attempting to localize message The display "Volledig afhankelijk" is not a valid display for the code {http://snomed.info/sct}284787001 - should be one of ["Unable to wash self","Unable to wash self (finding)"], but no such equivalent message exists for the local en_US
Attempting to localize message The display "Bovenlichaam" is not a valid display for the code {http://snomed.info/sct}362874006 - should be one of ["Entire upper body","Entire upper body (body structure)"], but no such equivalent message exists for the local en_US
Processing Provenance Records                                                    (04:22.0748)
Generating Outputs in /Users/ahenket/Development/GitHub/Nictiz/Nictiz-FHIR-IG/output (04:22.0748)

onGenerate.checkVersions:
     [xslt] Processing /Users/ahenket/Development/GitHub/Nictiz/Nictiz-FHIR-IG/template/onGenerate-ig-working.xml to /Users/ahenket/Development/GitHub/Nictiz/Nictiz-FHIR-IG/template/versions.txt
     [xslt] Loading stylesheet /Users/ahenket/Development/GitHub/Nictiz/Nictiz-FHIR-IG/template/scripts/onGenerate.getVersions.xslt

onGenerate.r5-schemas:
      [get] Getting: http://build.fhir.org/fhir-single.xsd
      [get] To: /Users/ahenket/Development/GitHub/Nictiz/Nictiz-FHIR-IG/input-cache/schemas/R5/fhir-single.xsd
      [get] Not modified - so not downloaded
      [get] Getting: http://build.fhir.org/fhir-xhtml.xsd
      [get] To: /Users/ahenket/Development/GitHub/Nictiz/Nictiz-FHIR-IG/input-cache/schemas/R5/fhir-xhtml.xsd
      [get] Not modified - so not downloaded
      [get] Getting: http://build.fhir.org/xml.xsd
      [get] To: /Users/ahenket/Development/GitHub/Nictiz/Nictiz-FHIR-IG/input-cache/schemas/R5/xml.xsd
      [get] Not modified - so not downloaded
      [get] Getting: http://build.fhir.org/xmldsig-core-schema.xsd
      [get] To: /Users/ahenket/Development/GitHub/Nictiz/Nictiz-FHIR-IG/input-cache/schemas/R5/xmldsig-core-schema.xsd
      [get] Not modified - so not downloaded

onGenerate.r4-schemas:

onGenerate.r3-schemas:
    [mkdir] Created dir: /Users/ahenket/Development/GitHub/Nictiz/Nictiz-FHIR-IG/input-cache/schemas/R3
      [get] Getting: http://hl7.org/fhir/STU3/fhir-single.xsd
      [get] To: /Users/ahenket/Development/GitHub/Nictiz/Nictiz-FHIR-IG/input-cache/schemas/R3/fhir-single.xsd
      [get] Getting: http://hl7.org/fhir/STU3/fhir-xhtml.xsd
      [get] To: /Users/ahenket/Development/GitHub/Nictiz/Nictiz-FHIR-IG/input-cache/schemas/R3/fhir-xhtml.xsd
      [get] Getting: http://hl7.org/fhir/STU3/xml.xsd
      [get] To: /Users/ahenket/Development/GitHub/Nictiz/Nictiz-FHIR-IG/input-cache/schemas/R3/xml.xsd
      [get] Getting: http://hl7.org/fhir/STU3/xmldsig-core-schema.xsd
      [get] To: /Users/ahenket/Development/GitHub/Nictiz/Nictiz-FHIR-IG/input-cache/schemas/R3/xmldsig-core-schema.xsd

onGenerate.r2b-schemas:

onGenerate.r2-schemas:

onGenerate.schemas:

onGenerate.data:
     [xslt] Processing /Users/ahenket/Development/GitHub/Nictiz/Nictiz-FHIR-IG/template/onGenerate-ig-working.xml to /Users/ahenket/Development/GitHub/Nictiz/Nictiz-FHIR-IG/temp/pages/_data/artifacts.json
     [xslt] Loading stylesheet /Users/ahenket/Development/GitHub/Nictiz/Nictiz-FHIR-IG/template/scripts/onGenerate.data.xslt

onGenerate.setup:

onGenerate.infoFile:
     [xslt] Processing /Users/ahenket/Development/GitHub/Nictiz/Nictiz-FHIR-IG/template/onGenerate-ig-working.xml to /Users/ahenket/Development/GitHub/Nictiz/Nictiz-FHIR-IG/temp/pages/_data/info.json
     [xslt] Loading stylesheet /Users/ahenket/Development/GitHub/Nictiz/Nictiz-FHIR-IG/template/scripts/onGenerate.genJson.xslt

onGenerate.processIncludes:
     [copy] Copying 12 files to /Users/ahenket/Development/GitHub/Nictiz/Nictiz-FHIR-IG/temp/pages/_includes

onGenerate.processIg:
     [xslt] Processing /Users/ahenket/Development/GitHub/Nictiz/Nictiz-FHIR-IG/template/onGenerate-ig-working.xml to /Users/ahenket/Development/GitHub/Nictiz/Nictiz-FHIR-IG/template/onGenerate-ig-working.1.xml
     [xslt] Loading stylesheet /Users/ahenket/Development/GitHub/Nictiz/Nictiz-FHIR-IG/template/scripts/onGenerate.group.xslt
     [xslt] Processing /Users/ahenket/Development/GitHub/Nictiz/Nictiz-FHIR-IG/template/onGenerate-ig-working.1.xml to /Users/ahenket/Development/GitHub/Nictiz/Nictiz-FHIR-IG/template/onGenerate-ig-updated.xml
     [xslt] Loading stylesheet /Users/ahenket/Development/GitHub/Nictiz/Nictiz-FHIR-IG/template/scripts/onGenerate.final.xslt

onGenerate.igQa:
     [xslt] Processing /Users/ahenket/Development/GitHub/Nictiz/Nictiz-FHIR-IG/template/onGenerate-ig-updated.xml to /Users/ahenket/Development/GitHub/Nictiz/Nictiz-FHIR-IG/template/ongenerate-validation-igqa.json
     [xslt] Loading stylesheet /Users/ahenket/Development/GitHub/Nictiz/Nictiz-FHIR-IG/template/scripts/onGenerate.qa.xslt

onGenerate.artifactList:
     [xslt] Processing /Users/ahenket/Development/GitHub/Nictiz/Nictiz-FHIR-IG/template/onGenerate-ig-updated.xml to /Users/ahenket/Development/GitHub/Nictiz/Nictiz-FHIR-IG/temp/pages/_includes/artifacts.xml
     [xslt] Loading stylesheet /Users/ahenket/Development/GitHub/Nictiz/Nictiz-FHIR-IG/template/scripts/createArtifactSummary.xslt

onGenerate.plantUml:

onGenerate.extend:

onGenerate:
No value set found at http://ihe.net/fhir/StructureDefinition/IHE.MHD.Query.Minimal.DocumentReference#DocumentReference.content.attachment.contentType (url = 'http://hl7.org/fhir/ValueSet/mimetypes')
No value set found at http://ihe.net/fhir/StructureDefinition/IHE.MHD.Query.Minimal.DocumentReference#DocumentReference.content.attachment.contentType (url = 'http://hl7.org/fhir/ValueSet/mimetypes')
No value set found at http://nictiz.nl/fhir/StructureDefinition/IHE.MHD.Provide.Minimal.DocumentReference#DocumentReference.content.attachment.contentType (url = 'http://hl7.org/fhir/ValueSet/mimetypes')
No value set found at http://nictiz.nl/fhir/StructureDefinition/IHE.MHD.Provide.Minimal.DocumentReference#DocumentReference.content.attachment.contentType (url = 'http://hl7.org/fhir/ValueSet/mimetypes')
Generating Summary Outputs                                                       (13:57.0263)
Sending Usage Stats to Server                                                    (14:16.0819)
Jekyll: Source: /Users/ahenket/Development/GitHub/Nictiz/Nictiz-FHIR-IG/temp/pages (14:18.0309)
Jekyll: Generating...                                                            (14:18.0310)
Jekyll: done in 34.706 seconds.                                                  (14:53.0015)
Installing nictiz.fhir.nl.stu3.zib2017#dev to the package cache
  Fetching:...................
  Installing: ................... done.
Checking Output HTML                                                             (15:09.0359)
found 8062 files                                                                 (15:09.0454)
  ... 8062 html files, 0 pages invalid xhtml (0%)                                (20:46.0236)
  ... 4538454 links, 491 broken links (0%)                                       (20:46.0243)
Build final .zip                                                                 (20:46.0244)
Final .zip built                                                                 (21:24.0073)
Internal error in location for message: 'Error in ?? at 1, 1: Found / expecting a token name', loc = '/Users/ahenket/Development/GitHub/Nictiz/Nictiz-FHIR-IG/output/Bundle-images-bundle-01.html#/html/bo', err = 'The image source 'urn:uuid:61ebe359-bfdc-4613-8bf2-c5e300945f0a' cannot be resolved'
Internal error in location for message: 'Error in ?? at 1, 1: Found / expecting a token name', loc = '/Users/ahenket/Development/GitHub/Nictiz/Nictiz-FHIR-IG/output/Bundle-images-bundle-02.html#/html/bo', err = 'The image source 'urn:uuid:61ebe359-bfdc-4613-8bf2-c5e300945f0a' cannot be resolved'
Internal error in location for message: 'Error in ?? at 1, 1: Found / expecting a token name', loc = '/Users/ahenket/Development/GitHub/Nictiz/Nictiz-FHIR-IG/output/Bundle-images-bundle-02.html#/html/bo', err = 'The image source 'urn:uuid:62abe359-bfdc-4613-8bf2-c5e300945f0a' cannot be resolved'
Finished. 21:01.0704. Validation output in /Users/ahenket/Development/GitHub/Nictiz/Nictiz-FHIR-IG/output/qa.html
Errors: 686, Warnings: 573, Info: 1803, Broken Links = 488 (21:37.0986)
Done                                                                             (21:37.0998)
